[0324/122529:ERROR:persistent_memory_allocator.cc(658)] Corruption detected in shared-memory segment.
[0324/122529:ERROR:persistent_memory_allocator.cc(658)] Corruption detected in shared-memory segment.
[0324/122529:ERROR:persistent_memory_allocator.cc(658)] Corruption detected in shared-memory segment.
[0324/122529:ERROR:persistent_memory_allocator.cc(658)] Corruption detected in shared-memory segment.
[0324/122529:ERROR:file_io_win.cc(163)] CreateFile C:\Program Files (x86)\settings.dat: Access is denied. (0x5)
[0324/122529:ERROR:registration_protocol_win.cc(82)] TransactNamedPipe: The pipe has been ended. (0x6D)
[0324/122529:ERROR:file_io_win.cc(163)] CreateFile C:\Program Files (x86)\settings.dat: Access is denied. (0x5)
[0324/123758:ERROR:persistent_memory_allocator.cc(658)] Corruption detected in shared-memory segment.
[0324/123758:ERROR:persistent_memory_allocator.cc(658)] Corruption detected in shared-memory segment.
[0324/123758:ERROR:persistent_memory_allocator.cc(658)] Corruption detected in shared-memory segment.
[0324/123758:ERROR:persistent_memory_allocator.cc(658)] Corruption detected in shared-memory segment.
[0324/123758:ERROR:file_io_win.cc(163)] CreateFile C:\Program Files (x86)\settings.dat: Access is denied. (0x5)
[0324/123758:ERROR:registration_protocol_win.cc(82)] TransactNamedPipe: The pipe has been ended. (0x6D)
[0324/123758:ERROR:file_io_win.cc(163)] CreateFile C:\Program Files (x86)\settings.dat: Access is denied. (0x5)
[0324/125342.263:ERROR:file_io_win.cc(179)] CreateFile C:\Program Files (x86)\settings.dat: Access is denied. (0x5)
[0324/125342.268:ERROR:registration_protocol_win.cc(84)] TransactNamedPipe: The pipe has been ended. (0x6D)
[0324/125342.276:ERROR:file_io_win.cc(179)] CreateFile C:\Program Files (x86)\settings.dat: Access is denied. (0x5)
[0324/125359.165:ERROR:file_io_win.cc(179)] CreateFile C:\Program Files (x86)\settings.dat: Access is denied. (0x5)
[0324/125359.169:ERROR:registration_protocol_win.cc(84)] TransactNamedPipe: The pipe has been ended. (0x6D)
[0324/125359.176:ERROR:file_io_win.cc(179)] CreateFile C:\Program Files (x86)\settings.dat: Access is denied. (0x5)
